Determining if the pthread_create exist failed with the following output:
Change Dir: /home/karan/callisto_ws/build/callisto_control/CMakeFiles/CMakeTmp

Run Build Command:/usr/bin/make "cmTryCompileExec1793215189/fast"
/usr/bin/make -f CMakeFiles/cmTryCompileExec1793215189.dir/build.make CMakeFiles/cmTryCompileExec1793215189.dir/build
make[1]: Entering directory `/home/karan/callisto_ws/build/callisto_control/CMakeFiles/CMakeTmp'
/usr/bin/cmake -E cmake_progress_report /home/karan/callisto_ws/build/callisto_control/CMakeFiles/CMakeTmp/CMakeFiles 1
Building C object CMakeFiles/cmTryCompileExec1793215189.dir/CheckSymbolExists.c.o
/usr/bin/cc    -o CMakeFiles/cmTryCompileExec1793215189.dir/CheckSymbolExists.c.o   -c /home/karan/callisto_ws/build/callisto_control/CMakeFiles/CMakeTmp/CheckSymbolExists.c
Linking C executable cmTryCompileExec1793215189
/usr/bin/cmake -E cmake_link_script CMakeFiles/cmTryCompileExec1793215189.dir/link.txt --verbose=1
/usr/bin/cc       CMakeFiles/cmTryCompileExec1793215189.dir/CheckSymbolExists.c.o  -o cmTryCompileExec1793215189 -rdynamic 
CMakeFiles/cmTryCompileExec1793215189.dir/CheckSymbolExists.c.o: In function `main':
CheckSymbolExists.c:(.text+0x16): undefined reference to `pthread_create'
collect2: error: ld returned 1 exit status
make[1]: *** [cmTryCompileExec1793215189] Error 1
make[1]: Leaving directory `/home/karan/callisto_ws/build/callisto_control/CMakeFiles/CMakeTmp'
make: *** [cmTryCompileExec1793215189/fast] Error 2

File /home/karan/callisto_ws/build/callisto_control/CMakeFiles/CMakeTmp/CheckSymbolExists.c:
/* */
#include <pthread.h>

int main(int argc, char** argv)
{
  (void)argv;
#ifndef pthread_create
  return ((int*)(&pthread_create))[argc];
#else
  (void)argc;
  return 0;
#endif
}

Determining if the function pthread_create exists in the pthreads failed with the following output:
Change Dir: /home/karan/callisto_ws/build/callisto_control/CMakeFiles/CMakeTmp

Run Build Command:/usr/bin/make "cmTryCompileExec1462250369/fast"
/usr/bin/make -f CMakeFiles/cmTryCompileExec1462250369.dir/build.make CMakeFiles/cmTryCompileExec1462250369.dir/build
make[1]: Entering directory `/home/karan/callisto_ws/build/callisto_control/CMakeFiles/CMakeTmp'
/usr/bin/cmake -E cmake_progress_report /home/karan/callisto_ws/build/callisto_control/CMakeFiles/CMakeTmp/CMakeFiles 1
Building C object CMakeFiles/cmTryCompileExec1462250369.dir/CheckFunctionExists.c.o
/usr/bin/cc   -DCHECK_FUNCTION_EXISTS=pthread_create   -o CMakeFiles/cmTryCompileExec1462250369.dir/CheckFunctionExists.c.o   -c /usr/share/cmake-2.8/Modules/CheckFunctionExists.c
Linking C executable cmTryCompileExec1462250369
/usr/bin/cmake -E cmake_link_script CMakeFiles/cmTryCompileExec1462250369.dir/link.txt --verbose=1
/usr/bin/cc   -DCHECK_FUNCTION_EXISTS=pthread_create    CMakeFiles/cmTryCompileExec1462250369.dir/CheckFunctionExists.c.o  -o cmTryCompileExec1462250369 -rdynamic -lpthreads 
/usr/bin/ld: cannot find -lpthreads
collect2: error: ld returned 1 exit status
make[1]: *** [cmTryCompileExec1462250369] Error 1
make[1]: Leaving directory `/home/karan/callisto_ws/build/callisto_control/CMakeFiles/CMakeTmp'
make: *** [cmTryCompileExec1462250369/fast] Error 2


